1513389705.848780 client started (11778): version 2.6, socket /private/tmp/tmux-503/default, protocol 8
1513389705.848812 on Darwin 16.5.0 Darwin Kernel Version 16.5.0: Fri Mar  3 16:52:33 PST 2017; root:xnu-3789.51.2~3/RELEASE_X86_64; libevent 2.1.8-stable (select)
1513389705.848845 socket is /private/tmp/tmux-503/default
1513389705.848858 trying connect
1513389705.848932 add peer 0x7fdff7801000: 6 (0x0)
1513389705.853649 sending message 100 to peer 0x7fdff7801000 (4 bytes)
1513389705.853676 sending message 101 to peer 0x7fdff7801000 (7 bytes)
1513389705.853684 sending message 102 to peer 0x7fdff7801000 (13 bytes)
1513389705.853689 sending message 108 to peer 0x7fdff7801000 (26 bytes)
1513389705.853705 sending message 104 to peer 0x7fdff7801000 (0 bytes)
1513389705.853711 sending message 107 to peer 0x7fdff7801000 (4 bytes)
1513389705.853717 sending message 105 to peer 0x7fdff7801000 (76 bytes)
1513389705.853722 sending message 105 to peer 0x7fdff7801000 (14 bytes)
1513389705.853727 sending message 105 to peer 0x7fdff7801000 (20 bytes)
1513389705.853732 sending message 105 to peer 0x7fdff7801000 (22 bytes)
1513389705.853737 sending message 105 to peer 0x7fdff7801000 (75 bytes)
1513389705.853742 sending message 105 to peer 0x7fdff7801000 (22 bytes)
1513389705.853747 sending message 105 to peer 0x7fdff7801000 (22 bytes)
1513389705.853753 sending message 105 to peer 0x7fdff7801000 (61 bytes)
1513389705.853758 sending message 105 to peer 0x7fdff7801000 (21 bytes)
1513389705.853763 sending message 105 to peer 0x7fdff7801000 (8 bytes)
1513389705.853769 sending message 105 to peer 0x7fdff7801000 (18 bytes)
1513389705.853774 sending message 105 to peer 0x7fdff7801000 (32 bytes)
1513389705.853779 sending message 105 to peer 0x7fdff7801000 (24 bytes)
1513389705.853784 sending message 105 to peer 0x7fdff7801000 (11 bytes)
1513389705.853790 sending message 105 to peer 0x7fdff7801000 (280 bytes)
1513389705.853795 sending message 105 to peer 0x7fdff7801000 (30 bytes)
1513389705.853800 sending message 105 to peer 0x7fdff7801000 (24 bytes)
1513389705.853805 sending message 105 to peer 0x7fdff7801000 (15 bytes)
1513389705.853810 sending message 105 to peer 0x7fdff7801000 (8 bytes)
1513389705.853815 sending message 105 to peer 0x7fdff7801000 (66 bytes)
1513389705.853820 sending message 105 to peer 0x7fdff7801000 (12 bytes)
1513389705.853825 sending message 105 to peer 0x7fdff7801000 (23 bytes)
1513389705.853830 sending message 105 to peer 0x7fdff7801000 (34 bytes)
1513389705.853835 sending message 105 to peer 0x7fdff7801000 (60 bytes)
1513389705.853841 sending message 105 to peer 0x7fdff7801000 (57 bytes)
1513389705.853846 sending message 105 to peer 0x7fdff7801000 (41 bytes)
1513389705.853851 sending message 105 to peer 0x7fdff7801000 (14 bytes)
1513389705.853856 sending message 105 to peer 0x7fdff7801000 (15 bytes)
1513389705.853861 sending message 105 to peer 0x7fdff7801000 (14 bytes)
1513389705.853866 sending message 105 to peer 0x7fdff7801000 (19 bytes)
1513389705.853870 sending message 105 to peer 0x7fdff7801000 (32 bytes)
1513389705.853875 sending message 105 to peer 0x7fdff7801000 (38 bytes)
1513389705.853880 sending message 105 to peer 0x7fdff7801000 (16 bytes)
1513389705.853885 sending message 105 to peer 0x7fdff7801000 (17 bytes)
1513389705.853890 sending message 105 to peer 0x7fdff7801000 (22 bytes)
1513389705.853895 sending message 105 to peer 0x7fdff7801000 (17 bytes)
1513389705.853900 sending message 105 to peer 0x7fdff7801000 (15 bytes)
1513389705.853905 sending message 106 to peer 0x7fdff7801000 (0 bytes)
1513389705.853919 sending message 200 to peer 0x7fdff7801000 (4 bytes)
1513389705.853925 client loop enter
1513389705.854277 peer 0x7fdff7801000 message 211
1513389705.854306 peer 0x7fdff7801000 message 203
1513389705.854315 client loop exit
